<?xml version="1.0" encoding="UTF-8"?>
<testng-results ignored="0" total="9" passed="7" failed="2" skipped="0">
  <reporter-output>
  </reporter-output>
  <suite started-at="2024-03-14T14:19:25 CST" name="Summary" finished-at="2024-03-14T14:23:26 CST" duration-ms="241582">
    <groups>
    </groups>
    <test started-at="2024-03-14T14:19:25 CST" name="Test" finished-at="2024-03-14T14:23:26 CST" duration-ms="241582">
      <class name="intro.SummarizeMatrix">
        <test-method signature="testEight()[pri:0, instance:intro.SummarizeMatrix@8f2ef19]" started-at="2024-03-14T14:22:36 CST" name="testEight" finished-at="2024-03-14T14:23:07 CST" duration-ms="30610" status="PASS">
          <reporter-output>
          </reporter-output>
        </test-method> <!-- testEight -->
      </class> <!-- intro.SummarizeMatrix -->
      <class name="intro.FlightPicker">
        <test-method signature="testThree()[pri:0, instance:intro.FlightPicker@6e9175d8]" started-at="2024-03-14T14:20:17 CST" name="testThree" finished-at="2024-03-14T14:20:42 CST" duration-ms="25358" status="FAIL">
          <exception class="org.openqa.selenium.ElementNotInteractableException">
            <message>
              <![CDATA[Element <a class="" href="#"> could not be scrolled into view
Build info: version: '4.10.0', revision: 'c14d967899'
System info: os.name: 'Windows 10', os.arch: 'amd64', os.version: '10.0', java.version: '17.0.7'
Driver info: org.openqa.selenium.firefox.FirefoxDriver
Command: [b42e0082-8f49-46a1-ac77-b4fd6704f7a0, clickElement {id=fcdfc210-2805-44dd-81db-fbe4d9a7359d}]
Capabilities {acceptInsecureCerts: true, browserName: firefox, browserVersion: 121.0, moz:accessibilityChecks: false, moz:buildID: 20231211174248, moz:debuggerAddress: 127.0.0.1:16570, moz:geckodriverVersion: 0.34.0, moz:headless: false, moz:platformVersion: 10.0, moz:processID: 1028, moz:profile: C:\Users\Jhos\AppData\Local..., moz:shutdownTimeout: 60000, moz:webdriverClick: true, moz:windowless: false, pageLoadStrategy: normal, platformName: windows, proxy: Proxy(), se:cdp: ws://127.0.0.1:16570/devtoo..., se:cdpVersion: 85.0, setWindowRect: true, strictFileInteractability: false, timeouts: {implicit: 0, pageLoad: 300000, script: 30000}, unhandledPromptBehavior: dismiss and notify}
Element: [[FirefoxDriver: firefox on windows (b42e0082-8f49-46a1-ac77-b4fd6704f7a0)] -> xpath: //a[@text='Bangkok (BKK)']]
Session ID: b42e0082-8f49-46a1-ac77-b4fd6704f7a0]]>
            </message>
            <full-stacktrace>
              <![CDATA[org.openqa.selenium.ElementNotInteractableException: Element <a class="" href="#"> could not be scrolled into view
Build info: version: '4.10.0', revision: 'c14d967899'
System info: os.name: 'Windows 10', os.arch: 'amd64', os.version: '10.0', java.version: '17.0.7'
Driver info: org.openqa.selenium.firefox.FirefoxDriver
Command: [b42e0082-8f49-46a1-ac77-b4fd6704f7a0, clickElement {id=fcdfc210-2805-44dd-81db-fbe4d9a7359d}]
Capabilities {acceptInsecureCerts: true, browserName: firefox, browserVersion: 121.0, moz:accessibilityChecks: false, moz:buildID: 20231211174248, moz:debuggerAddress: 127.0.0.1:16570, moz:geckodriverVersion: 0.34.0, moz:headless: false, moz:platformVersion: 10.0, moz:processID: 1028, moz:profile: C:\Users\Jhos\AppData\Local..., moz:shutdownTimeout: 60000, moz:webdriverClick: true, moz:windowless: false, pageLoadStrategy: normal, platformName: windows, proxy: Proxy(), se:cdp: ws://127.0.0.1:16570/devtoo..., se:cdpVersion: 85.0, setWindowRect: true, strictFileInteractability: false, timeouts: {implicit: 0, pageLoad: 300000, script: 30000}, unhandledPromptBehavior: dismiss and notify}
Element: [[FirefoxDriver: firefox on windows (b42e0082-8f49-46a1-ac77-b4fd6704f7a0)] -> xpath: //a[@text='Bangkok (BKK)']]
Session ID: b42e0082-8f49-46a1-ac77-b4fd6704f7a0
at java.base/jdk.internal.reflect.NativeConstructorAccessorImpl.newInstance0(Native Method)
at java.base/jdk.internal.reflect.NativeConstructorAccessorImpl.newInstance(NativeConstructorAccessorImpl.java:77)
at java.base/jdk.internal.reflect.DelegatingConstructorAccessorImpl.newInstance(DelegatingConstructorAccessorImpl.java:45)
at java.base/java.lang.reflect.Constructor.newInstanceWithCaller(Constructor.java:499)
at java.base/java.lang.reflect.Constructor.newInstance(Constructor.java:480)
at org.openqa.selenium.remote.codec.w3c.W3CHttpResponseCodec.createException(W3CHttpResponseCodec.java:199)
at org.openqa.selenium.remote.codec.w3c.W3CHttpResponseCodec.decode(W3CHttpResponseCodec.java:132)
at org.openqa.selenium.remote.codec.w3c.W3CHttpResponseCodec.decode(W3CHttpResponseCodec.java:51)
at org.openqa.selenium.remote.HttpCommandExecutor.execute(HttpCommandExecutor.java:191)
at org.openqa.selenium.remote.service.DriverCommandExecutor.invokeExecute(DriverCommandExecutor.java:196)
at org.openqa.selenium.remote.service.DriverCommandExecutor.execute(DriverCommandExecutor.java:171)
at org.openqa.selenium.remote.RemoteWebDriver.execute(RemoteWebDriver.java:531)
at org.openqa.selenium.remote.RemoteWebElement.execute(RemoteWebElement.java:242)
at org.openqa.selenium.remote.RemoteWebElement.click(RemoteWebElement.java:77)
at intro.FlightPicker.introduceDestination(FlightPicker.java:58)
at intro.FlightPicker.testThree(FlightPicker.java:30)
at java.base/jdk.internal.reflect.NativeMethodAccessorImpl.invoke0(Native Method)
at java.base/jdk.internal.reflect.NativeMethodAccessorImpl.invoke(NativeMethodAccessorImpl.java:77)
at java.base/jdk.internal.reflect.DelegatingMethodAccessorImpl.invoke(DelegatingMethodAccessorImpl.java:43)
at java.base/java.lang.reflect.Method.invoke(Method.java:568)
at org.testng.internal.invokers.MethodInvocationHelper.invokeMethod(MethodInvocationHelper.java:139)
at org.testng.internal.invokers.TestInvoker.invokeMethod(TestInvoker.java:664)
at org.testng.internal.invokers.TestInvoker.invokeTestMethod(TestInvoker.java:228)
at org.testng.internal.invokers.MethodRunner.runInSequence(MethodRunner.java:63)
at org.testng.internal.invokers.TestInvoker$MethodInvocationAgent.invoke(TestInvoker.java:961)
at org.testng.internal.invokers.TestInvoker.invokeTestMethods(TestInvoker.java:201)
at org.testng.internal.invokers.TestMethodWorker.invokeTestMethods(TestMethodWorker.java:148)
at org.testng.internal.invokers.TestMethodWorker.run(TestMethodWorker.java:128)
at java.base/java.util.ArrayList.forEach(ArrayList.java:1511)
at org.testng.TestRunner.privateRun(TestRunner.java:819)
at org.testng.TestRunner.run(TestRunner.java:619)
at org.testng.SuiteRunner.runTest(SuiteRunner.java:443)
at org.testng.SuiteRunner$SuiteWorker.run(SuiteRunner.java:481)
at org.testng.internal.thread.ThreadUtil.lambda$execute$0(ThreadUtil.java:58)
at java.base/java.util.concurrent.FutureTask.run(FutureTask.java:264)
at java.base/java.util.concurrent.ThreadPoolExecutor.runWorker(ThreadPoolExecutor.java:1136)
at java.base/java.util.concurrent.ThreadPoolExecutor$Worker.run(ThreadPoolExecutor.java:635)
at java.base/java.lang.Thread.run(Thread.java:833)
]]>
            </full-stacktrace>
          </exception> <!-- org.openqa.selenium.ElementNotInteractableException -->
          <reporter-output>
          </reporter-output>
        </test-method> <!-- testThree -->
      </class> <!-- intro.FlightPicker -->
      <class name="intro.EcommercePurchase">
        <test-method signature="testOne()[pri:0, instance:intro.EcommercePurchase@2e385cce]" started-at="2024-03-14T14:19:25 CST" name="testOne" finished-at="2024-03-14T14:19:55 CST" duration-ms="30130" status="PASS">
          <reporter-output>
          </reporter-output>
        </test-method> <!-- testOne -->
      </class> <!-- intro.EcommercePurchase -->
      <class name="intro.WindowIterator">
        <test-method signature="testNine()[pri:0, instance:intro.WindowIterator@470734c3]" started-at="2024-03-14T14:23:07 CST" name="testNine" finished-at="2024-03-14T14:23:26 CST" duration-ms="19360" status="PASS">
          <reporter-output>
          </reporter-output>
        </test-method> <!-- testNine -->
      </class> <!-- intro.WindowIterator -->
      <class name="intro.ShoppingCart">
        <test-method signature="testSix()[pri:0, instance:intro.ShoppingCart@4b741d6d]" started-at="2024-03-14T14:21:28 CST" name="testSix" finished-at="2024-03-14T14:22:01 CST" duration-ms="33337" status="PASS">
          <reporter-output>
          </reporter-output>
        </test-method> <!-- testSix -->
      </class> <!-- intro.ShoppingCart -->
      <class name="intro.IterateWindows">
        <test-method signature="testFive()[pri:0, instance:intro.IterateWindows@15bb5034]" started-at="2024-03-14T14:21:07 CST" name="testFive" finished-at="2024-03-14T14:21:28 CST" duration-ms="20736" status="FAIL">
          <exception class="org.openqa.selenium.NoSuchElementException">
            <message>
              <![CDATA[Unable to locate element: .im-para.red
For documentation on this error, please visit: https://www.selenium.dev/documentation/webdriver/troubleshooting/errors#no-such-element-exception
Build info: version: '4.10.0', revision: 'c14d967899'
System info: os.name: 'Windows 10', os.arch: 'amd64', os.version: '10.0', java.version: '17.0.7'
Driver info: org.openqa.selenium.firefox.FirefoxDriver
Command: [96a996e1-2e23-4b5e-bf28-4f5cf11145c2, findElement {using=css selector, value=.im-para.red}]
Capabilities {acceptInsecureCerts: true, browserName: firefox, browserVersion: 121.0, moz:accessibilityChecks: false, moz:buildID: 20231211174248, moz:debuggerAddress: 127.0.0.1:29968, moz:geckodriverVersion: 0.34.0, moz:headless: false, moz:platformVersion: 10.0, moz:processID: 14916, moz:profile: C:\Users\Jhos\AppData\Local..., moz:shutdownTimeout: 60000, moz:webdriverClick: true, moz:windowless: false, pageLoadStrategy: normal, platformName: windows, proxy: Proxy(), se:cdp: ws://127.0.0.1:29968/devtoo..., se:cdpVersion: 85.0, setWindowRect: true, strictFileInteractability: false, timeouts: {implicit: 0, pageLoad: 300000, script: 30000}, unhandledPromptBehavior: dismiss and notify}
Session ID: 96a996e1-2e23-4b5e-bf28-4f5cf11145c2]]>
            </message>
            <full-stacktrace>
              <![CDATA[org.openqa.selenium.NoSuchElementException: Unable to locate element: .im-para.red
For documentation on this error, please visit: https://www.selenium.dev/documentation/webdriver/troubleshooting/errors#no-such-element-exception
Build info: version: '4.10.0', revision: 'c14d967899'
System info: os.name: 'Windows 10', os.arch: 'amd64', os.version: '10.0', java.version: '17.0.7'
Driver info: org.openqa.selenium.firefox.FirefoxDriver
Command: [96a996e1-2e23-4b5e-bf28-4f5cf11145c2, findElement {using=css selector, value=.im-para.red}]
Capabilities {acceptInsecureCerts: true, browserName: firefox, browserVersion: 121.0, moz:accessibilityChecks: false, moz:buildID: 20231211174248, moz:debuggerAddress: 127.0.0.1:29968, moz:geckodriverVersion: 0.34.0, moz:headless: false, moz:platformVersion: 10.0, moz:processID: 14916, moz:profile: C:\Users\Jhos\AppData\Local..., moz:shutdownTimeout: 60000, moz:webdriverClick: true, moz:windowless: false, pageLoadStrategy: normal, platformName: windows, proxy: Proxy(), se:cdp: ws://127.0.0.1:29968/devtoo..., se:cdpVersion: 85.0, setWindowRect: true, strictFileInteractability: false, timeouts: {implicit: 0, pageLoad: 300000, script: 30000}, unhandledPromptBehavior: dismiss and notify}
Session ID: 96a996e1-2e23-4b5e-bf28-4f5cf11145c2
at java.base/jdk.internal.reflect.NativeConstructorAccessorImpl.newInstance0(Native Method)
at java.base/jdk.internal.reflect.NativeConstructorAccessorImpl.newInstance(NativeConstructorAccessorImpl.java:77)
at java.base/jdk.internal.reflect.DelegatingConstructorAccessorImpl.newInstance(DelegatingConstructorAccessorImpl.java:45)
at java.base/java.lang.reflect.Constructor.newInstanceWithCaller(Constructor.java:499)
at java.base/java.lang.reflect.Constructor.newInstance(Constructor.java:480)
at org.openqa.selenium.remote.codec.w3c.W3CHttpResponseCodec.createException(W3CHttpResponseCodec.java:199)
at org.openqa.selenium.remote.codec.w3c.W3CHttpResponseCodec.decode(W3CHttpResponseCodec.java:132)
at org.openqa.selenium.remote.codec.w3c.W3CHttpResponseCodec.decode(W3CHttpResponseCodec.java:51)
at org.openqa.selenium.remote.HttpCommandExecutor.execute(HttpCommandExecutor.java:191)
at org.openqa.selenium.remote.service.DriverCommandExecutor.invokeExecute(DriverCommandExecutor.java:196)
at org.openqa.selenium.remote.service.DriverCommandExecutor.execute(DriverCommandExecutor.java:171)
at org.openqa.selenium.remote.RemoteWebDriver.execute(RemoteWebDriver.java:531)
at org.openqa.selenium.remote.ElementLocation$ElementFinder$2.findElement(ElementLocation.java:165)
at org.openqa.selenium.remote.ElementLocation.findElement(ElementLocation.java:59)
at org.openqa.selenium.remote.RemoteWebDriver.findElement(RemoteWebDriver.java:350)
at org.openqa.selenium.remote.RemoteWebDriver.findElement(RemoteWebDriver.java:344)
at intro.IterateWindows.testFive(IterateWindows.java:44)
at java.base/jdk.internal.reflect.NativeMethodAccessorImpl.invoke0(Native Method)
at java.base/jdk.internal.reflect.NativeMethodAccessorImpl.invoke(NativeMethodAccessorImpl.java:77)
at java.base/jdk.internal.reflect.DelegatingMethodAccessorImpl.invoke(DelegatingMethodAccessorImpl.java:43)
at java.base/java.lang.reflect.Method.invoke(Method.java:568)
at org.testng.internal.invokers.MethodInvocationHelper.invokeMethod(MethodInvocationHelper.java:139)
at org.testng.internal.invokers.TestInvoker.invokeMethod(TestInvoker.java:664)
at org.testng.internal.invokers.TestInvoker.invokeTestMethod(TestInvoker.java:228)
at org.testng.internal.invokers.MethodRunner.runInSequence(MethodRunner.java:63)
at org.testng.internal.invokers.TestInvoker$MethodInvocationAgent.invoke(TestInvoker.java:961)
at org.testng.internal.invokers.TestInvoker.invokeTestMethods(TestInvoker.java:201)
at org.testng.internal.invokers.TestMethodWorker.invokeTestMethods(TestMethodWorker.java:148)
at org.testng.internal.invokers.TestMethodWorker.run(TestMethodWorker.java:128)
at java.base/java.util.ArrayList.forEach(ArrayList.java:1511)
at org.testng.TestRunner.privateRun(TestRunner.java:819)
at org.testng.TestRunner.run(TestRunner.java:619)
at org.testng.SuiteRunner.runTest(SuiteRunner.java:443)
at org.testng.SuiteRunner$SuiteWorker.run(SuiteRunner.java:481)
at org.testng.internal.thread.ThreadUtil.lambda$execute$0(ThreadUtil.java:58)
at java.base/java.util.concurrent.FutureTask.run(FutureTask.java:264)
at java.base/java.util.concurrent.ThreadPoolExecutor.runWorker(ThreadPoolExecutor.java:1136)
at java.base/java.util.concurrent.ThreadPoolExecutor$Worker.run(ThreadPoolExecutor.java:635)
at java.base/java.lang.Thread.run(Thread.java:833)
]]>
            </full-stacktrace>
          </exception> <!-- org.openqa.selenium.NoSuchElementException -->
          <reporter-output>
          </reporter-output>
        </test-method> <!-- testFive -->
      </class> <!-- intro.IterateWindows -->
      <class name="intro.FillinForm">
        <test-method signature="TestTwo()[pri:0, instance:intro.FillinForm@78e4deb0]" started-at="2024-03-14T14:19:55 CST" name="TestTwo" finished-at="2024-03-14T14:20:17 CST" duration-ms="22002" status="PASS">
          <reporter-output>
          </reporter-output>
        </test-method> <!-- TestTwo -->
      </class> <!-- intro.FillinForm -->
      <class name="intro.SummarizeColumnsRows">
        <test-method signature="testSeven()[pri:0, instance:intro.SummarizeColumnsRows@2eae8e6e]" started-at="2024-03-14T14:22:01 CST" name="testSeven" finished-at="2024-03-14T14:22:36 CST" duration-ms="34882" status="PASS">
          <reporter-output>
          </reporter-output>
        </test-method> <!-- testSeven -->
      </class> <!-- intro.SummarizeColumnsRows -->
      <class name="intro.Iframes">
        <test-method signature="testFour()[pri:0, instance:intro.Iframes@7d0b7e3c]" started-at="2024-03-14T14:20:42 CST" name="testFour" finished-at="2024-03-14T14:21:07 CST" duration-ms="24836" status="PASS">
          <reporter-output>
          </reporter-output>
        </test-method> <!-- testFour -->
      </class> <!-- intro.Iframes -->
    </test> <!-- Test -->
  </suite> <!-- Summary -->
</testng-results>
